TN:
SF:src\App.jsx
FN:6,App
FN:10,addTodo
FN:17,deleteTodo
FNF:3
FNH:1
FNDA:1,App
FNDA:0,addTodo
FNDA:0,deleteTodo
DA:1,1
DA:2,1
DA:3,1
DA:4,1
DA:5,1
DA:6,1
DA:7,1
DA:8,1
DA:9,1
DA:10,1
DA:11,0
DA:12,0
DA:13,0
DA:14,0
DA:15,1
DA:16,1
DA:17,1
DA:18,0
DA:19,0
DA:20,0
DA:21,0
DA:22,1
DA:23,1
DA:24,1
DA:25,1
DA:26,1
DA:27,1
DA:28,1
DA:29,1
DA:30,1
DA:31,1
DA:32,1
DA:33,1
DA:34,1
DA:35,1
LF:35
LH:27
BRDA:6,0,0,1
BRF:1
BRH:1
end_of_record
TN:
SF:src\components\TodoInput.jsx
FN:3,TodoInput
FN:11,onChange
FNF:2
FNH:2
FNDA:3,TodoInput
FNDA:16,onChange
DA:1,1
DA:2,1
DA:3,1
DA:4,3
DA:5,3
DA:6,3
DA:7,3
DA:8,3
DA:9,3
DA:10,3
DA:11,3
DA:12,3
DA:13,3
DA:14,3
DA:15,3
DA:16,3
DA:17,3
DA:18,3
LF:18
LH:18
BRDA:3,0,0,3
BRDA:11,1,0,16
BRF:2
BRH:2
end_of_record
TN:
SF:src\components\TodoList.jsx
FN:3,TodoList
FN:11,onClick
FNF:2
FNH:2
FNDA:4,TodoList
FNDA:1,onClick
DA:1,1
DA:2,1
DA:3,1
DA:4,4
DA:5,4
DA:6,4
DA:7,3
DA:8,3
DA:9,6
DA:10,6
DA:11,6
DA:12,6
DA:13,6
DA:14,6
DA:15,3
DA:16,3
DA:17,1
DA:18,1
DA:19,1
DA:20,1
DA:21,4
DA:22,4
DA:23,4
DA:24,4
LF:24
LH:24
BRDA:3,0,0,4
BRDA:6,1,0,0
BRDA:6,2,0,3
BRDA:17,3,0,1
BRDA:8,4,0,6
BRDA:11,5,0,1
BRF:6
BRH:5
end_of_record
